# JRE version: OpenJDK Runtime Environment (8.0_66-b01) (build 1.8.0_66-internal-b01)
# Java VM: OpenJDK 64-Bit Server VM (25.66-b01 mixed mode linux-amd64 compressed oops)
Heap:
 PSYoungGen      total 77312K, used 10233K [0x00000000eab00000, 0x00000000f0300000, 0x0000000100000000)
  eden space 67072K, 0% used [0x00000000eab00000,0x00000000eab00000,0x00000000eec80000)
  from space 10240K, 99% used [0x00000000eec80000,0x00000000ef67e428,0x00000000ef680000)
  to   space 7680K, 0% used [0x00000000ef680000,0x00000000ef680000,0x00000000efe00000)
 ParOldGen       total 22016K, used 21801K [0x00000000c0000000, 0x00000000c1580000, 0x00000000eab00000)
  object space 22016K, 99% used [0x00000000c0000000,0x00000000c154a418,0x00000000c1580000)
 Metaspace       used 6140K, capacity 7024K, committed 7296K, reserved 1056768K
  class space    used 596K, capacity 616K, committed 640K, reserved 1048576K
GC Heap History (10 events):
Event: 3.442 GC heap after
Heap after GC invocations=4 (full 0):
 PSYoungGen      total 18432K, used 992K [0x00000000eab00000, 0x00000000ebe00000, 0x0000000100000000)
  eden space 17408K, 0% used [0x00000000eab00000,0x00000000eab00000,0x00000000ebc00000)
  from space 1024K, 96% used [0x00000000ebd00000,0x00000000ebdf8018,0x00000000ebe00000)
  to   space 1024K, 0% used [0x00000000ebc00000,0x00000000ebc00000,0x00000000ebd00000)
 ParOldGen       total 22016K, used 5867K [0x00000000c0000000, 0x00000000c1580000, 0x00000000eab00000)
  object space 22016K, 26% used [0x00000000c0000000,0x00000000c05bae18,0x00000000c1580000)
 Metaspace       used 5712K, capacity 6704K, committed 6784K, reserved 1056768K
  class space    used 576K, capacity 616K, committed 640K, reserved 1048576K
}
Event: 4.220 GC heap before
{Heap before GC invocations=5 (full 0):
 PSYoungGen      total 18432K, used 18400K [0x00000000eab00000, 0x00000000ebe00000, 0x0000000100000000)
  eden space 17408K, 100% used [0x00000000eab00000,0x00000000ebc00000,0x00000000ebc00000)
  from space 1024K, 96% used [0x00000000ebd00000,0x00000000ebdf8018,0x00000000ebe00000)
  to   space 1024K, 0% used [0x00000000ebc00000,0x00000000ebc00000,0x00000000ebd00000)
 ParOldGen       total 22016K, used 5867K [0x00000000c0000000, 0x00000000c1580000, 0x00000000eab00000)
  object space 22016K, 26% used [0x00000000c0000000,0x00000000c05bae18,0x00000000c1580000)
 Metaspace       used 5789K, capacity 6768K, committed 7040K, reserved 1056768K
  class space    used 577K, capacity 616K, committed 640K, reserved 1048576K
Event: 4.271 GC heap after
Heap after GC invocations=5 (full 0):
 PSYoungGen      total 18432K, used 1008K [0x00000000eab00000, 0x00000000ed700000, 0x0000000100000000)
  eden space 17408K, 0% used [0x00000000eab00000,0x00000000eab00000,0x00000000ebc00000)
  from space 1024K, 98% used [0x00000000ebc00000,0x00000000ebcfc010,0x00000000ebd00000)
  to   space 5120K, 0% used [0x00000000ed200000,0x00000000ed200000,0x00000000ed700000)
 ParOldGen       total 22016K, used 9168K [0x00000000c0000000, 0x00000000c1580000, 0x00000000eab00000)
  object space 22016K, 41% used [0x00000000c0000000,0x00000000c08f43b8,0x00000000c1580000)
 Metaspace       used 5789K, capacity 6768K, committed 7040K, reserved 1056768K
  class space    used 577K, capacity 616K, committed 640K, reserved 1048576K
}
Event: 4.657 GC heap before
{Heap before GC invocations=6 (full 0):
 PSYoungGen      total 18432K, used 18416K [0x00000000eab00000, 0x00000000ed700000, 0x0000000100000000)
  eden space 17408K, 100% used [0x00000000eab00000,0x00000000ebc00000,0x00000000ebc00000)
  from space 1024K, 98% used [0x00000000ebc00000,0x00000000ebcfc010,0x00000000ebd00000)
  to   space 5120K, 0% used [0x00000000ed200000,0x00000000ed200000,0x00000000ed700000)
 ParOldGen       total 22016K, used 9168K [0x00000000c0000000, 0x00000000c1580000, 0x00000000eab00000)
  object space 22016K, 41% used [0x00000000c0000000,0x00000000c08f43b8,0x00000000c1580000)
 Metaspace       used 5844K, capacity 6832K, committed 7040K, reserved 1056768K
  class space    used 577K, capacity 616K, committed 640K, reserved 1048576K
Event: 4.702 GC heap after
Heap after GC invocations=6 (full 0):
 PSYoungGen      total 39936K, used 4094K [0x00000000eab00000, 0x00000000ed700000, 0x0000000100000000)
  eden space 34816K, 0% used [0x00000000eab00000,0x00000000eab00000,0x00000000ecd00000)
  from space 5120K, 79% used [0x00000000ed200000,0x00000000ed5ff8a8,0x00000000ed700000)
  to   space 5120K, 0% used [0x00000000ecd00000,0x00000000ecd00000,0x00000000ed200000)
 ParOldGen       total 22016K, used 9168K [0x00000000c0000000, 0x00000000c1580000, 0x00000000eab00000)
  object space 22016K, 41% used [0x00000000c0000000,0x00000000c08f43b8,0x00000000c1580000)
 Metaspace       used 5844K, capacity 6832K, committed 7040K, reserved 1056768K
  class space    used 577K, capacity 616K, committed 640K, reserved 1048576K
}
Event: 5.512 GC heap before
{Heap before GC invocations=7 (full 0):
 PSYoungGen      total 39936K, used 38910K [0x00000000eab00000, 0x00000000ed700000, 0x0000000100000000)
  eden space 34816K, 100% used [0x00000000eab00000,0x00000000ecd00000,0x00000000ecd00000)
  from space 5120K, 79% used [0x00000000ed200000,0x00000000ed5ff8a8,0x00000000ed700000)
  to   space 5120K, 0% used [0x00000000ecd00000,0x00000000ecd00000,0x00000000ed200000)
 ParOldGen       total 22016K, used 9168K [0x00000000c0000000, 0x00000000c1580000, 0x00000000eab00000)
  object space 22016K, 41% used [0x00000000c0000000,0x00000000c08f43b8,0x00000000c1580000)
 Metaspace       used 5950K, capacity 6960K, committed 7040K, reserved 1056768K
  class space    used 577K, capacity 616K, committed 640K, reserved 1048576K
Event: 5.587 GC heap after
Heap after GC invocations=7 (full 0):
 PSYoungGen      total 39936K, used 5104K [0x00000000eab00000, 0x00000000efe00000, 0x0000000100000000)
  eden space 34816K, 0% used [0x00000000eab00000,0x00000000eab00000,0x00000000ecd00000)
  from space 5120K, 99% used [0x00000000ecd00000,0x00000000ed1fc1e8,0x00000000ed200000)
  to   space 7680K, 0% used [0x00000000ef680000,0x00000000ef680000,0x00000000efe00000)
 ParOldGen       total 22016K, used 12677K [0x00000000c0000000, 0x00000000c1580000, 0x00000000eab00000)
  object space 22016K, 57% used [0x00000000c0000000,0x00000000c0c61638,0x00000000c1580000)
 Metaspace       used 5950K, capacity 6960K, committed 7040K, reserved 1056768K
  class space    used 577K, capacity 616K, committed 640K, reserved 1048576K
}
Event: 6.194 GC heap before
{Heap before GC invocations=8 (full 0):
 PSYoungGen      total 39936K, used 39920K [0x00000000eab00000, 0x00000000efe00000, 0x0000000100000000)
  eden space 34816K, 100% used [0x00000000eab00000,0x00000000ecd00000,0x00000000ecd00000)
  from space 5120K, 99% used [0x00000000ecd00000,0x00000000ed1fc1e8,0x00000000ed200000)
  to   space 7680K, 0% used [0x00000000ef680000,0x00000000ef680000,0x00000000efe00000)
 ParOldGen       total 22016K, used 12677K [0x00000000c0000000, 0x00000000c1580000, 0x00000000eab00000)
  object space 22016K, 57% used [0x00000000c0000000,0x00000000c0c61638,0x00000000c1580000)
 Metaspace       used 6077K, capacity 6960K, committed 7040K, reserved 1056768K
  class space    used 596K, capacity 616K, committed 640K, reserved 1048576K
Event: 6.258 GC heap after
Heap after GC invocations=8 (full 0):
 PSYoungGen      total 74752K, used 7674K [0x00000000eab00000, 0x00000000f0300000, 0x0000000100000000)
  eden space 67072K, 0% used [0x00000000eab00000,0x00000000eab00000,0x00000000eec80000)
  from space 7680K, 99% used [0x00000000ef680000,0x00000000efdfe998,0x00000000efe00000)
  to   space 10240K, 0% used [0x00000000eec80000,0x00000000eec80000,0x00000000ef680000)
 ParOldGen       total 22016K, used 15422K [0x00000000c0000000, 0x00000000c1580000, 0x00000000eab00000)
  object space 22016K, 70% used [0x00000000c0000000,0x00000000c0f0f830,0x00000000c1580000)
 Metaspace       used 6077K, capacity 6960K, committed 7040K, reserved 1056768K
  class space    used 596K, capacity 616K, committed 640K, reserved 1048576K
}
Event: 7.527 GC heap before
{Heap before GC invocations=9 (full 0):
 PSYoungGen      total 74752K, used 74746K [0x00000000eab00000, 0x00000000f0300000, 0x0000000100000000)
  eden space 67072K, 100% used [0x00000000eab00000,0x00000000eec80000,0x00000000eec80000)
  from space 7680K, 99% used [0x00000000ef680000,0x00000000efdfe998,0x00000000efe00000)
  to   space 10240K, 0% used [0x00000000eec80000,0x00000000eec80000,0x00000000ef680000)
 ParOldGen       total 22016K, used 15422K [0x00000000c0000000, 0x00000000c1580000, 0x00000000eab00000)
  object space 22016K, 70% used [0x00000000c0000000,0x00000000c0f0f830,0x00000000c1580000)
 Metaspace       used 6140K, capacity 7024K, committed 7296K, reserved 1056768K
  class space    used 596K, capacity 616K, committed 640K, reserved 1048576K

